<?xml version="1.0" encoding="UTF-8"?>
<!-- Generated by org.testng.reporters.JUnitReportReporter -->
<testsuite hostname="DESKTOP-RKN54OE" failures="0" tests="1" name="testCase.CapturingScreenshots" time="8.006" errors="0" timestamp="2023-10-03T17:10:16 IST" skipped="0">
  <testcase classname="testCase.CapturingScreenshots" name="sc" time="8.006"/>
</testsuite> <!-- testCase.CapturingScreenshots -->
