<?xml version="1.0" encoding="UTF-8"?>
<!-- Generated by org.testng.reporters.JUnitReportReporter -->
<testsuite hostname="DESKTOP-RKN54OE" failures="0" tests="1" name="testCase.CapturingScreenshots" time="7.375" errors="0" timestamp="2023-10-03T16:36:31 IST" skipped="0">
  <testcase classname="testCase.CapturingScreenshots" name="sc" time="7.375"/>
</testsuite> <!-- testCase.CapturingScreenshots -->
