<?xml version="1.0" encoding="UTF-8"?>
<!-- Generated by org.testng.reporters.JUnitReportReporter -->
<testsuite hostname="DESKTOP-RKN54OE" failures="0" tests="1" name="testCase.VerifyLogin" time="33.484" errors="0" timestamp="2023-10-03T16:36:31 IST" skipped="0">
  <testcase classname="testCase.VerifyLogin" name="login" time="33.484"/>
</testsuite> <!-- testCase.VerifyLogin -->
