<?xml version="1.0" encoding="UTF-8"?>
<!-- Generated by org.testng.reporters.JUnitReportReporter -->
<testsuite hostname="DESKTOP-RKN54OE" failures="0" tests="1" name="testCase.VerifyLogin" time="34.430" errors="0" timestamp="2023-10-03T17:10:16 IST" skipped="0">
  <testcase classname="testCase.VerifyLogin" name="login" time="34.430"/>
</testsuite> <!-- testCase.VerifyLogin -->
