<?xml version="1.0" encoding="UTF-8"?>
<!-- Generated by org.testng.reporters.JUnitReportReporter -->
<testsuite hostname="DESKTOP-RKN54OE" failures="0" tests="1" name="pageObjectModel.A" time="1.535" errors="0" timestamp="2023-08-31T18:07:49 IST" skipped="0">
  <testcase classname="pageObjectModel.A" name="add" time="1.535"/>
</testsuite> <!-- pageObjectModel.A -->
