<?xml version="1.0" encoding="UTF-8"?>
<!-- Generated by org.testng.reporters.JUnitReportReporter -->
<testsuite hostname="DESKTOP-RKN54OE" failures="0" tests="1" name="testCase.A" time="9.412" errors="0" timestamp="2023-09-08T15:46:02 IST" skipped="0">
  <testcase classname="testCase.A" name="M1" time="9.412"/>
</testsuite> <!-- testCase.A -->
